Downloaded https://www.dropbox.com/s/p5r2qsar1q0u4i3/mediawiki-root-w-folder-1.35.0-3.2.1.tar.gz
date +%Y%m%d ADownloaded https://www.dropbox.com/s/p5r2qsar1q0u4i3/mediawiki-root-w-folder-1.35.0-3.2.1.tar.gz
20210313 ADownloaded https://www.dropbox.com/s/p5r2qsar1q0u4i3/mediawiki-root-w-folder-1.35.0-3.2.1.tar.gz
2021-03-13-Mär031615618491 ADownloaded https://www.dropbox.com/s/p5r2qsar1q0u4i3/mediawiki-root-w-folder-1.35.0-3.2.1.tar.gz
2021-03-13-Mär-03-1615618506 ADownloaded https://www.dropbox.com/s/p5r2qsar1q0u4i3/mediawiki-root-w-folder-1.35.0-3.2.1.tar.gz
2021-03-03/13/21-Mär-03-1615618521 ADownloaded https://www.dropbox.com/s/p5r2qsar1q0u4i3/mediawiki-root-w-folder-1.35.0-3.2.1.tar.gz
2021-55-03/13/21-Mär-03-1615618531 ADownloaded https://www.dropbox.com/s/p5r2qsar1q0u4i3/mediawiki-root-w-folder-1.35.0-3.2.1.tar.gz
2021-03-13-Mär-03-1615618544 ADownloaded https://www.dropbox.com/s/p5r2qsar1q0u4i3/mediawiki-root-w-folder-1.35.0-3.2.1.tar.gz
2021-03-13-07-03-1615618553 ADownloaded https://www.dropbox.com/s/p5r2qsar1q0u4i3/mediawiki-root-w-folder-1.35.0-3.2.1.tar.gz
2021-03-13 Downloaded https://www.dropbox.com/s/p5r2qsar1q0u4i3/mediawiki-root-w-folder-1.35.0-3.2.1.tar.gz
2021-03-13 Created /home/lex/mediawiki-manager
2021-03-13 Downloaded https://www.dropbox.com/s/p5r2qsar1q0u4i3/mediawiki-root-w-folder-1.35.0-3.2.1.tar.gz
2021-03-13 Created /home/lex/mediawiki-manager/mediawiki_root
2021-03-13 Downloaded https://www.dropbox.com/s/p5r2qsar1q0u4i3/mediawiki-root-w-folder-1.35.0-3.2.1.tar.gz
2021-03-13 Created /home/lex/mediawiki-manager/mediawiki_root
2021-03-13 Downloaded https://www.dropbox.com/s/p5r2qsar1q0u4i3/mediawiki-root-w-folder-1.35.0-3.2.1.tar.gz
2021-03-13 Created /home/lex/mediawiki-manager/mediawiki_root
2021-03-13 Downloaded https://www.dropbox.com/s/p5r2qsar1q0u4i3/mediawiki-root-w-folder-1.35.0-3.2.1.tar.gz
2021-03-13 Created /home/lex/mediawiki-manager/mediawiki_root
2021-03-13 Downloaded https://www.dropbox.com/s/p5r2qsar1q0u4i3/mediawiki-root-w-folder-1.35.0-3.2.1.tar.gz
2021-03-13 Created /home/lex/mediawiki-manager/mediawiki_root
2021-03-13 Downloaded https://www.dropbox.com/s/p5r2qsar1q0u4i3/mediawiki-root-w-folder-1.35.0-3.2.1.tar.gz
2021-03-13 Created /home/lex/mediawiki-manager/mediawiki_root
2021-03-13 Downloaded https://www.dropbox.com/s/p5r2qsar1q0u4i3/mediawiki-root-w-folder-1.35.0-3.2.1.tar.gz
2021-03-13 Created /home/lex/mediawiki-manager/mediawiki_root
2021-03-13 Downloaded https://www.dropbox.com/s/p5r2qsar1q0u4i3/mediawiki-root-w-folder-1.35.0-3.2.1.tar.gz
2021-03-13 Created /home/lex/mediawiki-manager/mediawiki_root
2021-03-13 Downloaded https://www.dropbox.com/s/p5r2qsar1q0u4i3/mediawiki-root-w-folder-1.35.0-3.2.1.tar.gz
2021-03-13 Created /home/lex/mediawiki-manager/mediawiki_root
2021-03-13 Permissions set on /home/lex/mediawiki-manager
2021-03-13 Downloaded https://www.dropbox.com/s/p5r2qsar1q0u4i3/mediawiki-root-w-folder-1.35.0-3.2.1.tar.gz
2021-03-13 Created /home/lex/mediawiki-manager/mediawiki_root
2021-03-13 Permissions set on /home/lex/mediawiki-manager
2021-03-13 Downloaded https://www.dropbox.com/s/p5r2qsar1q0u4i3/mediawiki-root-w-folder-1.35.0-3.2.1.tar.gz
2021-03-13 Initialized /home/lex/mediawiki-manager/mediawiki_root
2021-03-13 extracted
2021-03-13 Downloaded https://www.dropbox.com/s/p5r2qsar1q0u4i3/mediawiki-root-w-folder-1.35.0-3.2.1.tar.gz
2021-03-13 Initialized /home/lex/mediawiki-manager/mediawiki_root
2021-03-13 https://www.dropbox.com/s/p5r2qsar1q0u4i3/mediawiki-root-w-folder-1.35.0-3.2.1.tar.gz extracted
2021-03-13 Downloaded https://www.dropbox.com/s/p5r2qsar1q0u4i3/mediawiki-root-w-folder-1.35.0-3.2.1.tar.gz
2021-03-13 Initialized /home/lex/mediawiki-manager/mediawiki_root
2021-03-13 https://www.dropbox.com/s/p5r2qsar1q0u4i3/mediawiki-root-w-folder-1.35.0-3.2.1.tar.gz extracted
2021-03-13 Downloaded https://www.dropbox.com/s/p5r2qsar1q0u4i3/mediawiki-root-w-folder-1.35.0-3.2.1.tar.gz
2021-03-13 Initialized /home/lex/mediawiki-manager/mediawiki_root
2021-03-13 Downloaded https://www.dropbox.com/s/p5r2qsar1q0u4i3/mediawiki-root-w-folder-1.35.0-3.2.1.tar.gz
2021-03-13 Initialized /home/lex/mediawiki-manager/mediawiki_root
2021-03-13 https://www.dropbox.com/s/p5r2qsar1q0u4i3/mediawiki-root-w-folder-1.35.0-3.2.1.tar.gz extracted
2021-03-13 Downloaded https://www.dropbox.com/s/p5r2qsar1q0u4i3/mediawiki-root-w-folder-1.35.0-3.2.1.tar.gz
2021-03-13 Initialized /home/lex/mediawiki-manager/mediawiki_root
2021-03-13 https://www.dropbox.com/s/p5r2qsar1q0u4i3/mediawiki-root-w-folder-1.35.0-3.2.1.tar.gz extracted
2021-03-13 Downloaded https://www.dropbox.com/s/p5r2qsar1q0u4i3/mediawiki-root-w-folder-1.35.0-3.2.1.tar.gz
2021-03-13 Initialized /home/lex/mediawiki-manager/mediawiki_root
2021-03-13 https://www.dropbox.com/s/p5r2qsar1q0u4i3/mediawiki-root-w-folder-1.35.0-3.2.1.tar.gz extracted
2021-03-13 Downloaded: https://www.dropbox.com/s/p5r2qsar1q0u4i3/mediawiki-root-w-folder-1.35.0-3.2.1.tar.gz
2021-03-13 Initialized: /home/lex/mediawiki-manager/mediawiki_root
2021-03-13 Extracted: https://www.dropbox.com/s/p5r2qsar1q0u4i3/mediawiki-root-w-folder-1.35.0-3.2.1.tar.gz
2021-03-13 Permissions set on /home/lex/mediawiki-manager
